Setting up this machine as follows: 
  Processor:    IA32 at 2000 MHz (BUS clock = 125 MHz)
  Memory:       262144 Kbytes [0x00000000:0x10000000]
  User memory:  261800 Kbytes [0x00000000:0x0ffaa000]
  PCI aperture: 44996 Kbytes [0xfc000000:0xfebf1000]
  Node Id:      will get from the network!
  Setup:        19328 bytes
  APP code:     22752 bytes	data: 576 bytes
[2J[000;000HThe Philosopher's Dinner:
Philosophers are alive and hungry!
[007;044H/[013;044H\[016;035H|[013;027H/[007;027H\[019;000HThe dinner is served ...
[005;032Hthinking[010;044Hthinking[016;039Hthinking[016;024Hthinking[010;020Hthinking[010;044H eating Thread::sleep(running=0x0ffa
9f54)
[010;020H eating Thread::sleep(running=0x0ffa9f94)
Thread::sleep(running=0x0ffa9f34)
Thread::wakeup(running=0x0ffa9f74)
[010;044HthinkingThread::wakeup(running=0x0ff
a9f14)
Thread::wakeup(running=0x0ffa9f14)
[010;020HthinkingThread::sleep(running=0x0ffa9f54)
[005;032H eating [016;024H eating [005;032HthinkingThread::wakeup(running=0x0ffa9f34)
[016;024Hthinking[016;039H eating Thread::sleep(running=0x0ffa9f74)

[010;020H eating Thread::wakeup(running=0x0ffa9f54)
[016;039Hthinking[010;044H eating Thread::sleep(running=0x0ffa
9f94)
Thread::sleep(running=0x0ffa9f34)
Thread::wakeup(running=0x0ffa9f14)
Thread::wakeup(running=0x0ffa9f14)
[010;020HthinkingThread::sleep(running=0x0ffa9f94)
[016;024H eating Thread::wakeup(running=0x0ffa9f74)
[010;044Hthinking[005;032H eating Thread::sleep(running=0x0ffa9f54)
Thread::wakeup(running=0x0ffa9f34)
[016;024Hthinking[016;039H eating [005;032Hthinking[010;020H eating [016;039Hthinking[010;044H eating [010;020Hthinking[016;024H eating [010;044Hthinking[005;032H eating [016;024Hthinking[016;039H eating [005;032Hthinking[010;020H eating [016;039Hthinking[010;044H eating [010;020Hthinking[016;024H eating [010;044Hthinking[005;032H eating [016;024Hthinking[016;039H eating [005;032Hthinking[010;020H eating [016;039Hthinking[010;044H eating [010;020Hthinking[016;024H eating [010;044Hthinking[005;032H eating [016;024Hthinking[016;039H eating [005;032Hthinking[010;020H eating [016;039Hthinking[010;044H eating [010;020Hthinking[016;024H eating [010;044Hthinking[005;032H eating [016;024Hthinking[016;039H eating [005;032Hthinking[010;020H eating [016;039Hthinking[010;044H eating [010;020Hthinking[016;024H eating [010;044Hthinking[005;032H eating [016;024Hthinking[016;039H eating [005;032Hthinking[010;020H eating [016;039Hthinking[010;044H eating [010;020Hthinking[016;024H eating [010;044Hthinking[005;032H eating [016;024Hthinking[016;039H eating [005;032Hthinking[010;020H eating [016;039Hthinking[010;044H eating [010;020Hthinking[016;024H eating [010;044Hthinking[005;032H eating [016;024Hthinking[016;039H eating [005;032Hthinking[010;020H eating [016;039Hthinking[010;044H eating [010;020H  done  [016;024H eating [010;044H  done  [005;032H eating [016;024H  done  [016;039H eating [005;032H  done  [020;000HPhilosopher 0 ate 10 times 
[021;000HPhilosopher 1 ate 10 times 
[016;039H  done  [022;000HPhilosopher 2 ate 10 times 
[023;000HPhilosopher 3 ate 10 times 
[024;000HPhilosopher 4 ate 10 times 
The end!
The last thread in the system has exited!
Rebooting the machine ...
